170727 00:14:48 mysqld_safe Starting mysqld daemon with databases from /data/db/mysql
2017-07-27  0:14:48 140613633526856 [Note] /usr/bin/mysqld (mysqld 10.1.16-MariaDB) starting as process 88 ...
2017-07-27  0:14:48 140613633526856 [Warning] Setting lower_case_table_names=2 because file system for /data/db/mysql/ is case insensitive
2017-07-27  0:14:48 140613633526856 [Note] InnoDB: Using mutexes to ref count buffer pool pages
2017-07-27  0:14:48 140613633526856 [Note] InnoDB: The InnoDB memory heap is disabled
2017-07-27  0:14:48 140613633526856 [Note] InnoDB: Mutexes and rw_locks use GCC atomic builtins
2017-07-27  0:14:48 140613633526856 [Note] InnoDB: Memory barrier is not used
2017-07-27  0:14:48 140613633526856 [Note] InnoDB: Compressed tables use zlib 1.2.8
2017-07-27  0:14:48 140613633526856 [Note] InnoDB: Using Linux native AIO
2017-07-27  0:14:48 140613633526856 [Note] InnoDB: Using SSE crc32 instructions
2017-07-27  0:14:48 140613633526856 [Note] InnoDB: Initializing buffer pool, size = 128.0M
2017-07-27  0:14:48 140613633526856 [Note] InnoDB: Completed initialization of buffer pool
2017-07-27  0:14:48 140613633526856 [Note] InnoDB: Highest supported file format is Barracuda.
2017-07-27  0:14:48 140613633526856 [Note] InnoDB: The log sequence numbers 1616819 and 1616819 in ibdata files do not match the log sequence number 1616859 in the ib_logfiles!
2017-07-27  0:14:48 140613633526856 [Note] InnoDB: Database was not shutdown normally!
2017-07-27  0:14:48 140613633526856 [Note] InnoDB: Starting crash recovery.
2017-07-27  0:14:48 140613633526856 [Note] InnoDB: Reading tablespace information from the .ibd files...
2017-07-27  0:14:48 140613633526856 [Note] InnoDB: Restoring possible half-written data pages 
2017-07-27  0:14:48 140613633526856 [Note] InnoDB: from the doublewrite buffer...
2017-07-27  0:14:48 140613633526856 [Note] InnoDB: 128 rollback segment(s) are active.
2017-07-27  0:14:48 140613633526856 [Note] InnoDB: Waiting for purge to start
2017-07-27  0:14:48 140613633526856 [Note] InnoDB:  Percona XtraDB (http://www.percona.com) 5.6.30-76.3 started; log sequence number 1616859
2017-07-27  0:14:48 140613159369392 [Note] InnoDB: Dumping buffer pool(s) not yet started
2017-07-27  0:14:48 140613633526856 [Note] Plugin 'FEEDBACK' is disabled.
2017-07-27  0:14:48 140613633526856 [Note] Recovering after a crash using tc.log
2017-07-27  0:14:48 140613633526856 [Note] Starting crash recovery...
2017-07-27  0:14:48 140613633526856 [Note] Crash recovery finished.
2017-07-27  0:14:49 140613633526856 [Note] Server socket created on IP: '::'.
2017-07-27  0:14:49 140613633526856 [ERROR] mysqld: Table './mysql/user' is marked as crashed and should be repaired
2017-07-27  0:14:49 140613633526856 [Warning] Checking table:   './mysql/user'
2017-07-27  0:14:49 140613633526856 [ERROR] mysql.user: 1 client is using or hasn't closed the table properly
2017-07-27  0:14:49 140613633526856 [Note] /usr/bin/mysqld: ready for connections.
Version: '10.1.16-MariaDB'  socket: '/run/mysqld/mysqld.sock'  port: 3306  MariaDB Server
2017-07-27  0:19:00 140613158701744 [Warning] IP address '172.18.0.1' could not be resolved: Name does not resolve
