170720 01:30:10 mysqld_safe Starting mysqld daemon with databases from /data/db/mysql
2017-07-20  1:30:10 140093526756424 [Note] /usr/bin/mysqld (mysqld 10.1.16-MariaDB) starting as process 87 ...
2017-07-20  1:30:10 140093526756424 [Warning] Setting lower_case_table_names=2 because file system for /data/db/mysql/ is case insensitive
2017-07-20  1:30:10 140093526756424 [Note] InnoDB: Using mutexes to ref count buffer pool pages
2017-07-20  1:30:10 140093526756424 [Note] InnoDB: The InnoDB memory heap is disabled
2017-07-20  1:30:10 140093526756424 [Note] InnoDB: Mutexes and rw_locks use GCC atomic builtins
2017-07-20  1:30:10 140093526756424 [Note] InnoDB: Memory barrier is not used
2017-07-20  1:30:10 140093526756424 [Note] InnoDB: Compressed tables use zlib 1.2.8
2017-07-20  1:30:10 140093526756424 [Note] InnoDB: Using Linux native AIO
2017-07-20  1:30:10 140093526756424 [Note] InnoDB: Using SSE crc32 instructions
2017-07-20  1:30:10 140093526756424 [Note] InnoDB: Initializing buffer pool, size = 128.0M
2017-07-20  1:30:10 140093526756424 [Note] InnoDB: Completed initialization of buffer pool
2017-07-20  1:30:10 140093526756424 [Note] InnoDB: Highest supported file format is Barracuda.
2017-07-20  1:30:10 140093526756424 [Note] InnoDB: The log sequence numbers 1616819 and 1616819 in ibdata files do not match the log sequence number 1616839 in the ib_logfiles!
2017-07-20  1:30:10 140093526756424 [Note] InnoDB: Database was not shutdown normally!
2017-07-20  1:30:10 140093526756424 [Note] InnoDB: Starting crash recovery.
2017-07-20  1:30:10 140093526756424 [Note] InnoDB: Reading tablespace information from the .ibd files...
2017-07-20  1:30:10 140093526756424 [Note] InnoDB: Restoring possible half-written data pages 
2017-07-20  1:30:10 140093526756424 [Note] InnoDB: from the doublewrite buffer...
2017-07-20  1:30:10 140093526756424 [Note] InnoDB: 128 rollback segment(s) are active.
2017-07-20  1:30:10 140093526756424 [Note] InnoDB: Waiting for purge to start
2017-07-20  1:30:10 140093526756424 [Note] InnoDB:  Percona XtraDB (http://www.percona.com) 5.6.30-76.3 started; log sequence number 1616839
2017-07-20  1:30:10 140093052598960 [Note] InnoDB: Dumping buffer pool(s) not yet started
2017-07-20  1:30:10 140093526756424 [Note] Plugin 'FEEDBACK' is disabled.
2017-07-20  1:30:10 140093526756424 [Note] Recovering after a crash using tc.log
2017-07-20  1:30:10 140093526756424 [Note] Starting crash recovery...
2017-07-20  1:30:10 140093526756424 [Note] Crash recovery finished.
2017-07-20  1:30:10 140093526756424 [Note] Server socket created on IP: '::'.
2017-07-20  1:30:10 140093526756424 [Note] /usr/bin/mysqld: ready for connections.
Version: '10.1.16-MariaDB'  socket: '/run/mysqld/mysqld.sock'  port: 3306  MariaDB Server
170726 23:46:01 mysqld_safe Starting mysqld daemon with databases from /data/db/mysql
2017-07-26 23:46:01 140024183745608 [Note] /usr/bin/mysqld (mysqld 10.1.16-MariaDB) starting as process 84 ...
2017-07-26 23:46:01 140024183745608 [Warning] Setting lower_case_table_names=2 because file system for /data/db/mysql/ is case insensitive
2017-07-26 23:46:02 140024183745608 [Note] InnoDB: Using mutexes to ref count buffer pool pages
2017-07-26 23:46:02 140024183745608 [Note] InnoDB: The InnoDB memory heap is disabled
2017-07-26 23:46:02 140024183745608 [Note] InnoDB: Mutexes and rw_locks use GCC atomic builtins
2017-07-26 23:46:02 140024183745608 [Note] InnoDB: Memory barrier is not used
2017-07-26 23:46:02 140024183745608 [Note] InnoDB: Compressed tables use zlib 1.2.8
2017-07-26 23:46:02 140024183745608 [Note] InnoDB: Using Linux native AIO
2017-07-26 23:46:02 140024183745608 [Note] InnoDB: Using SSE crc32 instructions
2017-07-26 23:46:02 140024183745608 [Note] InnoDB: Initializing buffer pool, size = 128.0M
2017-07-26 23:46:02 140024183745608 [Note] InnoDB: Completed initialization of buffer pool
2017-07-26 23:46:02 140024183745608 [Note] InnoDB: Highest supported file format is Barracuda.
2017-07-26 23:46:02 140024183745608 [Note] InnoDB: The log sequence numbers 1616819 and 1616819 in ibdata files do not match the log sequence number 1616849 in the ib_logfiles!
2017-07-26 23:46:02 140024183745608 [Note] InnoDB: Database was not shutdown normally!
2017-07-26 23:46:02 140024183745608 [Note] InnoDB: Starting crash recovery.
2017-07-26 23:46:02 140024183745608 [Note] InnoDB: Reading tablespace information from the .ibd files...
2017-07-26 23:46:02 140024183745608 [Note] InnoDB: Restoring possible half-written data pages 
2017-07-26 23:46:02 140024183745608 [Note] InnoDB: from the doublewrite buffer...
2017-07-26 23:46:02 140024183745608 [Note] InnoDB: 128 rollback segment(s) are active.
2017-07-26 23:46:02 140024183745608 [Note] InnoDB: Waiting for purge to start
2017-07-26 23:46:02 140024183745608 [Note] InnoDB:  Percona XtraDB (http://www.percona.com) 5.6.30-76.3 started; log sequence number 1616849
2017-07-26 23:46:02 140023709588144 [Note] InnoDB: Dumping buffer pool(s) not yet started
2017-07-26 23:46:02 140024183745608 [Note] Plugin 'FEEDBACK' is disabled.
2017-07-26 23:46:02 140024183745608 [Note] Recovering after a crash using tc.log
2017-07-26 23:46:02 140024183745608 [Note] Starting crash recovery...
2017-07-26 23:46:02 140024183745608 [Note] Crash recovery finished.
2017-07-26 23:46:02 140024183745608 [Note] Server socket created on IP: '::'.
2017-07-26 23:46:02 140024183745608 [Note] /usr/bin/mysqld: ready for connections.
Version: '10.1.16-MariaDB'  socket: '/run/mysqld/mysqld.sock'  port: 3306  MariaDB Server
2017-07-26 23:52:06 140023708920496 [Warning] IP address '172.18.0.1' could not be resolved: Name does not resolve
