170720 01:26:23 mysqld_safe Starting mysqld daemon with databases from /data/db/mysql
2017-07-20  1:26:23 139986336365640 [Note] /usr/bin/mysqld (mysqld 10.1.16-MariaDB) starting as process 279 ...
2017-07-20  1:26:23 139986336365640 [Warning] Setting lower_case_table_names=2 because file system for /data/db/mysql/ is case insensitive
2017-07-20  1:26:24 139986336365640 [Note] InnoDB: Using mutexes to ref count buffer pool pages
2017-07-20  1:26:24 139986336365640 [Note] InnoDB: The InnoDB memory heap is disabled
2017-07-20  1:26:24 139986336365640 [Note] InnoDB: Mutexes and rw_locks use GCC atomic builtins
2017-07-20  1:26:24 139986336365640 [Note] InnoDB: Memory barrier is not used
2017-07-20  1:26:24 139986336365640 [Note] InnoDB: Compressed tables use zlib 1.2.8
2017-07-20  1:26:24 139986336365640 [Note] InnoDB: Using Linux native AIO
2017-07-20  1:26:24 139986336365640 [Note] InnoDB: Using SSE crc32 instructions
2017-07-20  1:26:24 139986336365640 [Note] InnoDB: Initializing buffer pool, size = 128.0M
2017-07-20  1:26:24 139986336365640 [Note] InnoDB: Completed initialization of buffer pool
2017-07-20  1:26:24 139986336365640 [Note] InnoDB: Highest supported file format is Barracuda.
2017-07-20  1:26:24 139986336365640 [Note] InnoDB: 128 rollback segment(s) are active.
2017-07-20  1:26:24 139986336365640 [Note] InnoDB: Waiting for purge to start
2017-07-20  1:26:24 139986336365640 [Note] InnoDB:  Percona XtraDB (http://www.percona.com) 5.6.30-76.3 started; log sequence number 1616819
2017-07-20  1:26:24 139985861937840 [Note] InnoDB: Dumping buffer pool(s) not yet started
2017-07-20  1:26:24 139986336365640 [Note] Plugin 'FEEDBACK' is disabled.
2017-07-20  1:26:24 139986336365640 [Note] Server socket created on IP: '::'.
2017-07-20  1:26:24 139986336365640 [Note] /usr/bin/mysqld: ready for connections.
Version: '10.1.16-MariaDB'  socket: '/run/mysqld/mysqld.sock'  port: 3306  MariaDB Server
